<?xml version="1.0" encoding="UTF-8"?>
<!-- Generated by org.testng.reporters.JUnitReportReporter -->
<testsuite hostname="INLPF37C5VG" failures="0" tests="3" name="OrangeHRM.Tests.TestngBasics" time="0.020" errors="0" timestamp="2024-01-07T23:36:12 IST" skipped="0">
  <testcase classname="OrangeHRM.Tests.TestngBasics" name="test1" time="0.009"/>
  <testcase classname="OrangeHRM.Tests.TestngBasics" name="testMethod2" time="0.003"/>
  <testcase classname="OrangeHRM.Tests.TestngBasics" name="testMethod1" time="0.008"/>
</testsuite> <!-- OrangeHRM.Tests.TestngBasics -->
