<?xml version="1.0" encoding="UTF-8"?>
<!-- Generated by org.testng.reporters.JUnitReportReporter -->
<testsuite hostname="INLPF37C5VG" failures="0" tests="2" name="OrangeHRM.Tests.TestngBasics2" time="0.010" errors="0" timestamp="2024-01-07T23:36:12 IST" skipped="0">
  <testcase classname="OrangeHRM.Tests.TestngBasics2" name="testMethod1" time="0.007"/>
  <testcase classname="OrangeHRM.Tests.TestngBasics2" name="testMethod2" time="0.003"/>
</testsuite> <!-- OrangeHRM.Tests.TestngBasics2 -->
